{"uuid":"089c263d-03d7-45ce-858a-0f8b93858b5f","historyId":"c575257cddac4def8218b7df1db5dcb4","testCaseId":"c55449fac907e8c34e73fe796738565f","fullName":"src/test/resources/features/searchDaraz.feature:24","labels":[{"name":"host","value":"DESKTOP-PK2O0D8"},{"name":"thread","value":"18196@DESKTOP-PK2O0D8.main(1)"},{"name":"feature","value":"Search functionality on Daraz website"},{"name":"story","value":"Validate successful search with valid input"},{"name":"suite","value":"Search functionality on Daraz website"},{"name":"testClass","value":"Validate successful search with valid input"},{"name":"framework","value":"cucumber4jvm"},{"name":"language","value":"java"},{"name":"gherkin_uri","value":"file:///D:/eclipse_workspace/uitest-automation/src/test/resources/features/searchDaraz.feature"},{"name":"package","value":"src.test.resources.features.searchDaraz_feature.Search functionality on Daraz website"}],"links":[],"name":"Validate successful search with valid input","status":"broken","statusDetails":{"known":false,"muted":false,"flaky":false,"message":"Expected condition failed: waiting for element to be clickable: By.xpath: //button[@class='search-box__button--1oH7'] (tried for 10 second(s) with 500 milliseconds interval)\nBuild info: version: '4.25.0', revision: '030fcf7918'\nSystem info: os.name: 'Windows 11', os.arch: 'amd64', os.version: '10.0', java.version: '21.0.3'\nDriver info: org.openqa.selenium.chrome.ChromeDriver\nCapabilities {acceptInsecureCerts: false, browserName: chrome, browserVersion: 129.0.6668.103, chrome: {chromedriverVersion: 129.0.6668.100 (cf58cba358d..., userDataDir: C:\\Users\\lenovo\\AppData\\Loc...}, fedcm:accounts: true, goog:chromeOptions: {debuggerAddress: localhost:63856}, networkConnectionEnabled: false, pageLoadStrategy: normal, platformName: windows, proxy: Proxy(), se:cdp: ws://localhost:63856/devtoo..., se:cdpVersion: 129.0.6668.103, setWindowRect: true, strictFileInteractability: false, timeouts: {implicit: 0, pageLoad: 300000, script: 30000}, unhandledPromptBehavior: dismiss and notify, webauthn:extension:credBlob: true, webauthn:extension:largeBlob: true, webauthn:extension:minPinLength: true, webauthn:extension:prf: true, webauthn:virtualAuthenticators: true}\nSession ID: 5f0a1d779f899a24e1b25e791a6c3aa1","trace":"org.openqa.selenium.TimeoutException: Expected condition failed: waiting for element to be clickable: By.xpath: //button[@class='search-box__button--1oH7'] (tried for 10 second(s) with 500 milliseconds interval)\nBuild info: version: '4.25.0', revision: '030fcf7918'\nSystem info: os.name: 'Windows 11', os.arch: 'amd64', os.version: '10.0', java.version: '21.0.3'\nDriver info: org.openqa.selenium.chrome.ChromeDriver\nCapabilities {acceptInsecureCerts: false, browserName: chrome, browserVersion: 129.0.6668.103, chrome: {chromedriverVersion: 129.0.6668.100 (cf58cba358d..., userDataDir: C:\\Users\\lenovo\\AppData\\Loc...}, fedcm:accounts: true, goog:chromeOptions: {debuggerAddress: localhost:63856}, networkConnectionEnabled: false, pageLoadStrategy: normal, platformName: windows, proxy: Proxy(), se:cdp: ws://localhost:63856/devtoo..., se:cdpVersion: 129.0.6668.103, setWindowRect: true, strictFileInteractability: false, timeouts: {implicit: 0, pageLoad: 300000, script: 30000}, unhandledPromptBehavior: dismiss and notify, webauthn:extension:credBlob: true, webauthn:extension:largeBlob: true, webauthn:extension:minPinLength: true, webauthn:extension:prf: true, webauthn:virtualAuthenticators: true}\nSession ID: 5f0a1d779f899a24e1b25e791a6c3aa1\r\n\tat org.openqa.selenium.support.ui.WebDriverWait.timeoutException(WebDriverWait.java:84)\r\n\tat org.openqa.selenium.support.ui.FluentWait.until(FluentWait.java:228)\r\n\tat pageObjects.DarazSearchPage.clickSearchButton(DarazSearchPage.java:33)\r\n\tat stepDef.DarazSearchStepDef.hits_enter(DarazSearchStepDef.java:33)\r\n\tat ✽.hits enter(file:///D:/eclipse_workspace/uitest-automation/src/test/resources/features/searchDaraz.feature:28)\r\n"},"stage":"finished","steps":[{"name":"Given browser is open","status":"passed","statusDetails":{"known":false,"muted":false,"flaky":false},"stage":"finished","steps":[],"attachments":[],"parameters":[],"start":1729258735383,"stop":1729258761117},{"name":"And user is on daraz search page","status":"passed","statusDetails":{"known":false,"muted":false,"flaky":false},"stage":"finished","steps":[],"attachments":[],"parameters":[],"start":1729258761117,"stop":1729258761123},{"name":"When user enters \"laptop\" in search box","status":"passed","statusDetails":{"known":false,"muted":false,"flaky":false},"stage":"finished","steps":[],"attachments":[],"parameters":[],"start":1729258761125,"stop":1729258761923},{"name":"And hits enter","status":"broken","statusDetails":{"known":false,"muted":false,"flaky":false,"message":"Expected condition failed: waiting for element to be clickable: By.xpath: //button[@class='search-box__button--1oH7'] (tried for 10 second(s) with 500 milliseconds interval)\nBuild info: version: '4.25.0', revision: '030fcf7918'\nSystem info: os.name: 'Windows 11', os.arch: 'amd64', os.version: '10.0', java.version: '21.0.3'\nDriver info: org.openqa.selenium.chrome.ChromeDriver\nCapabilities {acceptInsecureCerts: false, browserName: chrome, browserVersion: 129.0.6668.103, chrome: {chromedriverVersion: 129.0.6668.100 (cf58cba358d..., userDataDir: C:\\Users\\lenovo\\AppData\\Loc...}, fedcm:accounts: true, goog:chromeOptions: {debuggerAddress: localhost:63856}, networkConnectionEnabled: false, pageLoadStrategy: normal, platformName: windows, proxy: Proxy(), se:cdp: ws://localhost:63856/devtoo..., se:cdpVersion: 129.0.6668.103, setWindowRect: true, strictFileInteractability: false, timeouts: {implicit: 0, pageLoad: 300000, script: 30000}, unhandledPromptBehavior: dismiss and notify, webauthn:extension:credBlob: true, webauthn:extension:largeBlob: true, webauthn:extension:minPinLength: true, webauthn:extension:prf: true, webauthn:virtualAuthenticators: true}\nSession ID: 5f0a1d779f899a24e1b25e791a6c3aa1","trace":"org.openqa.selenium.TimeoutException: Expected condition failed: waiting for element to be clickable: By.xpath: //button[@class='search-box__button--1oH7'] (tried for 10 second(s) with 500 milliseconds interval)\nBuild info: version: '4.25.0', revision: '030fcf7918'\nSystem info: os.name: 'Windows 11', os.arch: 'amd64', os.version: '10.0', java.version: '21.0.3'\nDriver info: org.openqa.selenium.chrome.ChromeDriver\nCapabilities {acceptInsecureCerts: false, browserName: chrome, browserVersion: 129.0.6668.103, chrome: {chromedriverVersion: 129.0.6668.100 (cf58cba358d..., userDataDir: C:\\Users\\lenovo\\AppData\\Loc...}, fedcm:accounts: true, goog:chromeOptions: {debuggerAddress: localhost:63856}, networkConnectionEnabled: false, pageLoadStrategy: normal, platformName: windows, proxy: Proxy(), se:cdp: ws://localhost:63856/devtoo..., se:cdpVersion: 129.0.6668.103, setWindowRect: true, strictFileInteractability: false, timeouts: {implicit: 0, pageLoad: 300000, script: 30000}, unhandledPromptBehavior: dismiss and notify, webauthn:extension:credBlob: true, webauthn:extension:largeBlob: true, webauthn:extension:minPinLength: true, webauthn:extension:prf: true, webauthn:virtualAuthenticators: true}\nSession ID: 5f0a1d779f899a24e1b25e791a6c3aa1\r\n\tat org.openqa.selenium.support.ui.WebDriverWait.timeoutException(WebDriverWait.java:84)\r\n\tat org.openqa.selenium.support.ui.FluentWait.until(FluentWait.java:228)\r\n\tat pageObjects.DarazSearchPage.clickSearchButton(DarazSearchPage.java:33)\r\n\tat stepDef.DarazSearchStepDef.hits_enter(DarazSearchStepDef.java:33)\r\n\tat ✽.hits enter(file:///D:/eclipse_workspace/uitest-automation/src/test/resources/features/searchDaraz.feature:28)\r\n"},"stage":"finished","steps":[],"attachments":[],"parameters":[],"start":1729258761925,"stop":1729258772243},{"name":"Then search results for \"laptop\" are displayed","status":"skipped","statusDetails":{"known":false,"muted":false,"flaky":false},"stage":"finished","steps":[],"attachments":[],"parameters":[],"start":1729258772243,"stop":1729258772243}],"attachments":[],"parameters":[],"start":1729258735383,"stop":1729258772248}