{"uuid":"97964311-41ae-44c7-aab3-c40207f04827","historyId":"f73811afff7ae56799d500569bb88f32","testCaseId":"c0448957f14a233bfe11abf000016ebc","fullName":"src/test/resources/features/searchDaraz.feature:12","labels":[{"name":"host","value":"DESKTOP-PK2O0D8"},{"name":"thread","value":"4872@DESKTOP-PK2O0D8.main(1)"},{"name":"feature","value":"Daraz search functionality"},{"name":"story","value":"Successful search with valid product keywords"},{"name":"suite","value":"Daraz search functionality"},{"name":"testClass","value":"Successful search with valid product keywords"},{"name":"framework","value":"cucumber4jvm"},{"name":"language","value":"java"},{"name":"gherkin_uri","value":"file:///D:/eclipse_workspace/uitest-automation/src/test/resources/features/searchDaraz.feature"},{"name":"package","value":"src.test.resources.features.searchDaraz_feature.Daraz search functionality"}],"links":[],"name":"Successful search with valid product keywords","status":"failed","statusDetails":{"known":false,"muted":false,"flaky":false,"message":"Search results are not displayed. expected [true] but found [false]","trace":"java.lang.AssertionError: Search results are not displayed. expected [true] but found [false]\r\n\tat org.testng.Assert.fail(Assert.java:111)\r\n\tat org.testng.Assert.failNotEquals(Assert.java:1578)\r\n\tat org.testng.Assert.assertTrue(Assert.java:57)\r\n\tat stepDef.DarazSearchSteps.relevantSearchResultsShouldBeDisplayed(DarazSearchSteps.java:41)\r\n\tat ✽.relevant search results for \"mobile\" should be displayed(file:///D:/eclipse_workspace/uitest-automation/src/test/resources/features/searchDaraz.feature:7)\r\n"},"stage":"finished","steps":[{"name":"Given user is on the Daraz homepage","status":"passed","statusDetails":{"known":false,"muted":false,"flaky":false},"stage":"finished","steps":[],"attachments":[],"parameters":[],"start":1729264595443,"stop":1729264630790},{"name":"When user enters \"mobile\" in the search bar","status":"passed","statusDetails":{"known":false,"muted":false,"flaky":false},"stage":"finished","steps":[],"attachments":[],"parameters":[],"start":1729264630791,"stop":1729264631129},{"name":"And user presses the Enter key","status":"passed","statusDetails":{"known":false,"muted":false,"flaky":false},"stage":"finished","steps":[],"attachments":[],"parameters":[],"start":1729264631130,"stop":1729264657809},{"name":"Then relevant search results for \"mobile\" should be displayed","status":"failed","statusDetails":{"known":false,"muted":false,"flaky":false,"message":"Search results are not displayed. expected [true] but found [false]","trace":"java.lang.AssertionError: Search results are not displayed. expected [true] but found [false]\r\n\tat org.testng.Assert.fail(Assert.java:111)\r\n\tat org.testng.Assert.failNotEquals(Assert.java:1578)\r\n\tat org.testng.Assert.assertTrue(Assert.java:57)\r\n\tat stepDef.DarazSearchSteps.relevantSearchResultsShouldBeDisplayed(DarazSearchSteps.java:41)\r\n\tat ✽.relevant search results for \"mobile\" should be displayed(file:///D:/eclipse_workspace/uitest-automation/src/test/resources/features/searchDaraz.feature:7)\r\n"},"stage":"finished","steps":[],"attachments":[],"parameters":[],"start":1729264657810,"stop":1729264657874}],"attachments":[],"parameters":[{"name":"keyword","value":"mobile"}],"start":1729264595441,"stop":1729264657881}