{"uuid":"ca08a01e-33b8-4fc0-9bf1-3112d324b8f3","historyId":"c0463a7bc311545377ef30a78ec37082","testCaseId":"c0448957f14a233bfe11abf000016ebc","fullName":"src/test/resources/features/searchDaraz.feature:11","labels":[{"name":"host","value":"DESKTOP-PK2O0D8"},{"name":"thread","value":"4872@DESKTOP-PK2O0D8.main(1)"},{"name":"feature","value":"Daraz search functionality"},{"name":"story","value":"Successful search with valid product keywords"},{"name":"suite","value":"Daraz search functionality"},{"name":"testClass","value":"Successful search with valid product keywords"},{"name":"framework","value":"cucumber4jvm"},{"name":"language","value":"java"},{"name":"gherkin_uri","value":"file:///D:/eclipse_workspace/uitest-automation/src/test/resources/features/searchDaraz.feature"},{"name":"package","value":"src.test.resources.features.searchDaraz_feature.Daraz search functionality"}],"links":[],"name":"Successful search with valid product keywords","status":"failed","statusDetails":{"known":false,"muted":false,"flaky":false,"message":"Search results are not displayed. expected [true] but found [false]","trace":"java.lang.AssertionError: Search results are not displayed. expected [true] but found [false]\r\n\tat org.testng.Assert.fail(Assert.java:111)\r\n\tat org.testng.Assert.failNotEquals(Assert.java:1578)\r\n\tat org.testng.Assert.assertTrue(Assert.java:57)\r\n\tat stepDef.DarazSearchSteps.relevantSearchResultsShouldBeDisplayed(DarazSearchSteps.java:41)\r\n\tat ✽.relevant search results for \"laptop\" should be displayed(file:///D:/eclipse_workspace/uitest-automation/src/test/resources/features/searchDaraz.feature:7)\r\n"},"stage":"finished","steps":[{"name":"Given user is on the Daraz homepage","status":"passed","statusDetails":{"known":false,"muted":false,"flaky":false},"stage":"finished","steps":[],"attachments":[],"parameters":[],"start":1729264491801,"stop":1729264549823},{"name":"When user enters \"laptop\" in the search bar","status":"passed","statusDetails":{"known":false,"muted":false,"flaky":false},"stage":"finished","steps":[],"attachments":[],"parameters":[],"start":1729264549823,"stop":1729264549956},{"name":"And user presses the Enter key","status":"passed","statusDetails":{"known":false,"muted":false,"flaky":false},"stage":"finished","steps":[],"attachments":[],"parameters":[],"start":1729264549956,"stop":1729264595134},{"name":"Then relevant search results for \"laptop\" should be displayed","status":"failed","statusDetails":{"known":false,"muted":false,"flaky":false,"message":"Search results are not displayed. expected [true] but found [false]","trace":"java.lang.AssertionError: Search results are not displayed. expected [true] but found [false]\r\n\tat org.testng.Assert.fail(Assert.java:111)\r\n\tat org.testng.Assert.failNotEquals(Assert.java:1578)\r\n\tat org.testng.Assert.assertTrue(Assert.java:57)\r\n\tat stepDef.DarazSearchSteps.relevantSearchResultsShouldBeDisplayed(DarazSearchSteps.java:41)\r\n\tat ✽.relevant search results for \"laptop\" should be displayed(file:///D:/eclipse_workspace/uitest-automation/src/test/resources/features/searchDaraz.feature:7)\r\n"},"stage":"finished","steps":[],"attachments":[],"parameters":[],"start":1729264595134,"stop":1729264595428}],"attachments":[],"parameters":[{"name":"keyword","value":"laptop"}],"start":1729264491799,"stop":1729264595435}