{"uuid":"d707751d-d53e-41f3-ad2c-e6718284bf08","historyId":"8be2a0683df87638808ee1e685df5b98","testCaseId":"b5cba9458d8249076e865915e7aeb2c9","fullName":"src/test/resources/features/searchDaraz.feature:17","labels":[{"name":"host","value":"DESKTOP-PK2O0D8"},{"name":"thread","value":"18196@DESKTOP-PK2O0D8.main(1)"},{"name":"feature","value":"Search functionality on Daraz website"},{"name":"story","value":"Validate search with special characters"},{"name":"suite","value":"Search functionality on Daraz website"},{"name":"testClass","value":"Validate search with special characters"},{"name":"framework","value":"cucumber4jvm"},{"name":"language","value":"java"},{"name":"gherkin_uri","value":"file:///D:/eclipse_workspace/uitest-automation/src/test/resources/features/searchDaraz.feature"},{"name":"package","value":"src.test.resources.features.searchDaraz_feature.Search functionality on Daraz website"}],"links":[],"name":"Validate search with special characters","status":"broken","statusDetails":{"known":false,"muted":false,"flaky":false,"message":"Expected condition failed: waiting for element to be clickable: By.xpath: //button[@class='search-box__button--1oH7'] (tried for 10 second(s) with 500 milliseconds interval)\nBuild info: version: '4.25.0', revision: '030fcf7918'\nSystem info: os.name: 'Windows 11', os.arch: 'amd64', os.version: '10.0', java.version: '21.0.3'\nDriver info: org.openqa.selenium.chrome.ChromeDriver\nCapabilities {acceptInsecureCerts: false, browserName: chrome, browserVersion: 129.0.6668.103, chrome: {chromedriverVersion: 129.0.6668.100 (cf58cba358d..., userDataDir: C:\\Users\\lenovo\\AppData\\Loc...}, fedcm:accounts: true, goog:chromeOptions: {debuggerAddress: localhost:63856}, networkConnectionEnabled: false, pageLoadStrategy: normal, platformName: windows, proxy: Proxy(), se:cdp: ws://localhost:63856/devtoo..., se:cdpVersion: 129.0.6668.103, setWindowRect: true, strictFileInteractability: false, timeouts: {implicit: 0, pageLoad: 300000, script: 30000}, unhandledPromptBehavior: dismiss and notify, webauthn:extension:credBlob: true, webauthn:extension:largeBlob: true, webauthn:extension:minPinLength: true, webauthn:extension:prf: true, webauthn:virtualAuthenticators: true}\nSession ID: 5f0a1d779f899a24e1b25e791a6c3aa1","trace":"org.openqa.selenium.TimeoutException: Expected condition failed: waiting for element to be clickable: By.xpath: //button[@class='search-box__button--1oH7'] (tried for 10 second(s) with 500 milliseconds interval)\nBuild info: version: '4.25.0', revision: '030fcf7918'\nSystem info: os.name: 'Windows 11', os.arch: 'amd64', os.version: '10.0', java.version: '21.0.3'\nDriver info: org.openqa.selenium.chrome.ChromeDriver\nCapabilities {acceptInsecureCerts: false, browserName: chrome, browserVersion: 129.0.6668.103, chrome: {chromedriverVersion: 129.0.6668.100 (cf58cba358d..., userDataDir: C:\\Users\\lenovo\\AppData\\Loc...}, fedcm:accounts: true, goog:chromeOptions: {debuggerAddress: localhost:63856}, networkConnectionEnabled: false, pageLoadStrategy: normal, platformName: windows, proxy: Proxy(), se:cdp: ws://localhost:63856/devtoo..., se:cdpVersion: 129.0.6668.103, setWindowRect: true, strictFileInteractability: false, timeouts: {implicit: 0, pageLoad: 300000, script: 30000}, unhandledPromptBehavior: dismiss and notify, webauthn:extension:credBlob: true, webauthn:extension:largeBlob: true, webauthn:extension:minPinLength: true, webauthn:extension:prf: true, webauthn:virtualAuthenticators: true}\nSession ID: 5f0a1d779f899a24e1b25e791a6c3aa1\r\n\tat org.openqa.selenium.support.ui.WebDriverWait.timeoutException(WebDriverWait.java:84)\r\n\tat org.openqa.selenium.support.ui.FluentWait.until(FluentWait.java:228)\r\n\tat pageObjects.DarazSearchPage.clickSearchButton(DarazSearchPage.java:33)\r\n\tat stepDef.DarazSearchStepDef.hits_enter(DarazSearchStepDef.java:33)\r\n\tat ✽.hits enter(file:///D:/eclipse_workspace/uitest-automation/src/test/resources/features/searchDaraz.feature:21)\r\n"},"stage":"finished","steps":[{"name":"Given browser is open","status":"passed","statusDetails":{"known":false,"muted":false,"flaky":false},"stage":"finished","steps":[],"attachments":[],"parameters":[],"start":1729258695832,"stop":1729258724164},{"name":"And user is on daraz search page","status":"passed","statusDetails":{"known":false,"muted":false,"flaky":false},"stage":"finished","steps":[],"attachments":[],"parameters":[],"start":1729258724164,"stop":1729258724164},{"name":"When user enters \"!@#$%^&*\" in search box","status":"passed","statusDetails":{"known":false,"muted":false,"flaky":false},"stage":"finished","steps":[],"attachments":[],"parameters":[],"start":1729258724164,"stop":1729258724992},{"name":"And hits enter","status":"broken","statusDetails":{"known":false,"muted":false,"flaky":false,"message":"Expected condition failed: waiting for element to be clickable: By.xpath: //button[@class='search-box__button--1oH7'] (tried for 10 second(s) with 500 milliseconds interval)\nBuild info: version: '4.25.0', revision: '030fcf7918'\nSystem info: os.name: 'Windows 11', os.arch: 'amd64', os.version: '10.0', java.version: '21.0.3'\nDriver info: org.openqa.selenium.chrome.ChromeDriver\nCapabilities {acceptInsecureCerts: false, browserName: chrome, browserVersion: 129.0.6668.103, chrome: {chromedriverVersion: 129.0.6668.100 (cf58cba358d..., userDataDir: C:\\Users\\lenovo\\AppData\\Loc...}, fedcm:accounts: true, goog:chromeOptions: {debuggerAddress: localhost:63856}, networkConnectionEnabled: false, pageLoadStrategy: normal, platformName: windows, proxy: Proxy(), se:cdp: ws://localhost:63856/devtoo..., se:cdpVersion: 129.0.6668.103, setWindowRect: true, strictFileInteractability: false, timeouts: {implicit: 0, pageLoad: 300000, script: 30000}, unhandledPromptBehavior: dismiss and notify, webauthn:extension:credBlob: true, webauthn:extension:largeBlob: true, webauthn:extension:minPinLength: true, webauthn:extension:prf: true, webauthn:virtualAuthenticators: true}\nSession ID: 5f0a1d779f899a24e1b25e791a6c3aa1","trace":"org.openqa.selenium.TimeoutException: Expected condition failed: waiting for element to be clickable: By.xpath: //button[@class='search-box__button--1oH7'] (tried for 10 second(s) with 500 milliseconds interval)\nBuild info: version: '4.25.0', revision: '030fcf7918'\nSystem info: os.name: 'Windows 11', os.arch: 'amd64', os.version: '10.0', java.version: '21.0.3'\nDriver info: org.openqa.selenium.chrome.ChromeDriver\nCapabilities {acceptInsecureCerts: false, browserName: chrome, browserVersion: 129.0.6668.103, chrome: {chromedriverVersion: 129.0.6668.100 (cf58cba358d..., userDataDir: C:\\Users\\lenovo\\AppData\\Loc...}, fedcm:accounts: true, goog:chromeOptions: {debuggerAddress: localhost:63856}, networkConnectionEnabled: false, pageLoadStrategy: normal, platformName: windows, proxy: Proxy(), se:cdp: ws://localhost:63856/devtoo..., se:cdpVersion: 129.0.6668.103, setWindowRect: true, strictFileInteractability: false, timeouts: {implicit: 0, pageLoad: 300000, script: 30000}, unhandledPromptBehavior: dismiss and notify, webauthn:extension:credBlob: true, webauthn:extension:largeBlob: true, webauthn:extension:minPinLength: true, webauthn:extension:prf: true, webauthn:virtualAuthenticators: true}\nSession ID: 5f0a1d779f899a24e1b25e791a6c3aa1\r\n\tat org.openqa.selenium.support.ui.WebDriverWait.timeoutException(WebDriverWait.java:84)\r\n\tat org.openqa.selenium.support.ui.FluentWait.until(FluentWait.java:228)\r\n\tat pageObjects.DarazSearchPage.clickSearchButton(DarazSearchPage.java:33)\r\n\tat stepDef.DarazSearchStepDef.hits_enter(DarazSearchStepDef.java:33)\r\n\tat ✽.hits enter(file:///D:/eclipse_workspace/uitest-automation/src/test/resources/features/searchDaraz.feature:21)\r\n"},"stage":"finished","steps":[],"attachments":[],"parameters":[],"start":1729258724994,"stop":1729258735362},{"name":"Then user is navigated to search results or appropriate message is displayed","status":"skipped","statusDetails":{"known":false,"muted":false,"flaky":false},"stage":"finished","steps":[],"attachments":[],"parameters":[],"start":1729258735366,"stop":1729258735366}],"attachments":[],"parameters":[],"start":1729258695832,"stop":1729258735366}